

Version:	3.50
CmdLine:	H:\Desktop\CYSlideApp\CySlide.exe --l4j-debug
JNI:		No
WOW64:		Yes
Working dir:	H:\Desktop\CYSlideApp\.
Requires JDK:	No
Requires 64-Bit: No
Java min ver:	
Java max ver:	
Substitute:	JAVA_HOME = C:\Program Files\Java\jdk-20
Substitute:	PATH = C:\Program Files\Common Files\Oracle\Java\javapath;C:\ProgramData\Oracle\Java\javapath;C:\Program Files (x86)\Common Files\Oracle\Java\javapath;C:\Windows\system32;C:\Windows;C:\Windows\System32\Wbem;C:\Windows\System32\WindowsPowerShell\v1.0\;C:\Windows\System32\OpenSSH\;C:\Program Files\PuTTY\;C:\Program Files\MATLAB\R2020a\bin;C:\MinGW\bin;C:\Program Files\Git\cmd;C:\Program Files\Java\jdk-20\bin;C:\Program Files\apache-ant-1.10.13\bin;C:\Program Files\Java\jdk-20\bin;C:\Program Files\apache-maven-3.8.7\bin;C:\Program Files\dotnet\;C:\php-8.2.3;H:\wamp64\bin\php\php7.4.26;C:\Users\CYTech Student\scoop\shims;C:\Users\CYTech Student\scoop\shims;C:\ProgramData\ComposerSetup\bin;C:\Users\CYTech Student\scoop\shims;C:\Users\CYTech Student\AppData\Local\Programs\Python\Python311\Scripts\;C:\Users\CYTech Student\AppData\Local\Programs\Python\Python311\;C:\Program Files\MySQL\MySQL Shell 8.0\bin\;C:\Users\CYTech Student\AppData\Local\Microsoft\WindowsApps;C:\Users\CYTech Student\AppData\Local\Programs\Microsoft VS Code\bin;C:\Users\CYTech Student\AppData\Local\GitHubDesktop\bin;C:\MinGW\bin;H:\IntelliJ IDEA Community Edition 2022.3.1\bin;C:\Users\CYTech Student\.dotnet\tools;C:\Users\CYTech Student\AppData\Roaming\Composer\vendor\bin;C:\Program Files\Java\jdk-20\bin
JRE paths:	C:\Program Files\Java\jdk-20;C:\Program Files\Common Files\Oracle\Java\javapath;C:\ProgramData\Oracle\Java\javapath;C:\Program Files (x86)\Common Files\Oracle\Java\javapath;C:\Windows\system32;C:\Windows;C:\Windows\System32\Wbem;C:\Windows\System32\WindowsPowerShell\v1.0\;C:\Windows\System32\OpenSSH\;C:\Program Files\PuTTY\;C:\Program Files\MATLAB\R2020a\bin;C:\MinGW\bin;C:\Program Files\Git\cmd;C:\Program Files\Java\jdk-20\bin;C:\Program Files\apache-ant-1.10.13\bin;C:\Program Files\Java\jdk-20\bin;C:\Program Files\apache-maven-3.8.7\bin;C:\Program Files\dotnet\;C:\php-8.2.3;H:\wamp64\bin\php\php7.4.26;C:\Users\CYTech Student\scoop\shims;C:\Users\CYTech Student\scoop\shims;C:\ProgramData\ComposerSetup\bin;C:\Users\CYTech Student\scoop\shims;C:\Users\CYTech Student\AppData\Local\Programs\Python\Python311\Scripts\;C:\Users\CYTech Student\AppData\Local\Programs\Python\Python311\;C:\Program Files\MySQL\MySQL Shell 8.0\bin\;C:\Users\CYTech Student\AppData\Local\Microsoft\WindowsApps;C:\Users\CYTech Student\AppData\Local\Programs\Microsoft VS Code\bin;C:\Users\CYTech Student\AppData\Local\GitHubDesktop\bin;C:\MinGW\bin;H:\IntelliJ IDEA Community Edition 2022.3.1\bin;C:\Users\CYTech Student\.dotnet\tools;C:\Users\CYTech Student\AppData\Roaming\Composer\vendor\bin;C:\Program Files\Java\jdk-20\bin
Check launcher:	C:\Program Files\Java\jdk-20\bin\javaw.exe (OK)
Version string: 1.020.000_001 / 64-Bit (OK)
Launcher:	C:\Program Files\Java\jdk-20\bin\javaw.exe
Launcher args:	-jar "H:\Desktop\CYSlideApp\CySlide.exe"
Args length:	40/32768 chars
Exit code:	0


Version:	3.50
CmdLine:	H:\Desktop\CYSlideApp\CySlide.exe --l4j-debug
JNI:		No
WOW64:		Yes
Working dir:	H:\Desktop\CYSlideApp\.
Requires JDK:	No
Requires 64-Bit: No
Java min ver:	
Java max ver:	
Substitute:	JAVA_HOME = C:\Program Files\Java\jdk-20
Substitute:	PATH = C:\Program Files\Common Files\Oracle\Java\javapath;C:\ProgramData\Oracle\Java\javapath;C:\Program Files (x86)\Common Files\Oracle\Java\javapath;C:\Windows\system32;C:\Windows;C:\Windows\System32\Wbem;C:\Windows\System32\WindowsPowerShell\v1.0\;C:\Windows\System32\OpenSSH\;C:\Program Files\PuTTY\;C:\Program Files\MATLAB\R2020a\bin;C:\MinGW\bin;C:\Program Files\Git\cmd;C:\Program Files\Java\jdk-20\bin;C:\Program Files\apache-ant-1.10.13\bin;C:\Program Files\Java\jdk-20\bin;C:\Program Files\apache-maven-3.8.7\bin;C:\Program Files\dotnet\;C:\php-8.2.3;H:\wamp64\bin\php\php7.4.26;C:\Users\CYTech Student\scoop\shims;C:\Users\CYTech Student\scoop\shims;C:\ProgramData\ComposerSetup\bin;C:\Users\CYTech Student\scoop\shims;C:\Users\CYTech Student\AppData\Local\Programs\Python\Python311\Scripts\;C:\Users\CYTech Student\AppData\Local\Programs\Python\Python311\;C:\Program Files\MySQL\MySQL Shell 8.0\bin\;C:\Users\CYTech Student\AppData\Local\Microsoft\WindowsApps;C:\Users\CYTech Student\AppData\Local\Programs\Microsoft VS Code\bin;C:\Users\CYTech Student\AppData\Local\GitHubDesktop\bin;C:\MinGW\bin;H:\IntelliJ IDEA Community Edition 2022.3.1\bin;C:\Users\CYTech Student\.dotnet\tools;C:\Users\CYTech Student\AppData\Roaming\Composer\vendor\bin;C:\Program Files\Java\jdk-20\bin
JRE paths:	C:\Program Files\Java\jdk-20;C:\Program Files\Common Files\Oracle\Java\javapath;C:\ProgramData\Oracle\Java\javapath;C:\Program Files (x86)\Common Files\Oracle\Java\javapath;C:\Windows\system32;C:\Windows;C:\Windows\System32\Wbem;C:\Windows\System32\WindowsPowerShell\v1.0\;C:\Windows\System32\OpenSSH\;C:\Program Files\PuTTY\;C:\Program Files\MATLAB\R2020a\bin;C:\MinGW\bin;C:\Program Files\Git\cmd;C:\Program Files\Java\jdk-20\bin;C:\Program Files\apache-ant-1.10.13\bin;C:\Program Files\Java\jdk-20\bin;C:\Program Files\apache-maven-3.8.7\bin;C:\Program Files\dotnet\;C:\php-8.2.3;H:\wamp64\bin\php\php7.4.26;C:\Users\CYTech Student\scoop\shims;C:\Users\CYTech Student\scoop\shims;C:\ProgramData\ComposerSetup\bin;C:\Users\CYTech Student\scoop\shims;C:\Users\CYTech Student\AppData\Local\Programs\Python\Python311\Scripts\;C:\Users\CYTech Student\AppData\Local\Programs\Python\Python311\;C:\Program Files\MySQL\MySQL Shell 8.0\bin\;C:\Users\CYTech Student\AppData\Local\Microsoft\WindowsApps;C:\Users\CYTech Student\AppData\Local\Programs\Microsoft VS Code\bin;C:\Users\CYTech Student\AppData\Local\GitHubDesktop\bin;C:\MinGW\bin;H:\IntelliJ IDEA Community Edition 2022.3.1\bin;C:\Users\CYTech Student\.dotnet\tools;C:\Users\CYTech Student\AppData\Roaming\Composer\vendor\bin;C:\Program Files\Java\jdk-20\bin
Check launcher:	C:\Program Files\Java\jdk-20\bin\javaw.exe (OK)
Version string: 1.020.000_001 / 64-Bit (OK)
Launcher:	C:\Program Files\Java\jdk-20\bin\javaw.exe
Launcher args:	-jar "H:\Desktop\CYSlideApp\CySlide.exe"
Args length:	40/32768 chars
Exit code:	0


Version:	3.50
CmdLine:	H:\Desktop\CYSlideApp\CySlide.exe --l4j-debug
JNI:		No
WOW64:		Yes
Working dir:	H:\Desktop\CYSlideApp\.
Requires JDK:	No
Requires 64-Bit: No
Java min ver:	
Java max ver:	
Substitute:	JAVA_HOME = C:\Program Files\Java\jdk-20
Substitute:	PATH = C:\Program Files\Common Files\Oracle\Java\javapath;C:\ProgramData\Oracle\Java\javapath;C:\Program Files (x86)\Common Files\Oracle\Java\javapath;C:\Windows\system32;C:\Windows;C:\Windows\System32\Wbem;C:\Windows\System32\WindowsPowerShell\v1.0\;C:\Windows\System32\OpenSSH\;C:\Program Files\PuTTY\;C:\Program Files\MATLAB\R2020a\bin;C:\MinGW\bin;C:\Program Files\Git\cmd;C:\Program Files\Java\jdk-20\bin;C:\Program Files\apache-ant-1.10.13\bin;C:\Program Files\Java\jdk-20\bin;C:\Program Files\apache-maven-3.8.7\bin;C:\Program Files\dotnet\;C:\php-8.2.3;H:\wamp64\bin\php\php7.4.26;C:\Users\CYTech Student\scoop\shims;C:\Users\CYTech Student\scoop\shims;C:\ProgramData\ComposerSetup\bin;C:\Users\CYTech Student\scoop\shims;C:\Users\CYTech Student\AppData\Local\Programs\Python\Python311\Scripts\;C:\Users\CYTech Student\AppData\Local\Programs\Python\Python311\;C:\Program Files\MySQL\MySQL Shell 8.0\bin\;C:\Users\CYTech Student\AppData\Local\Microsoft\WindowsApps;C:\Users\CYTech Student\AppData\Local\Programs\Microsoft VS Code\bin;C:\Users\CYTech Student\AppData\Local\GitHubDesktop\bin;C:\MinGW\bin;H:\IntelliJ IDEA Community Edition 2022.3.1\bin;C:\Users\CYTech Student\.dotnet\tools;C:\Users\CYTech Student\AppData\Roaming\Composer\vendor\bin;C:\Program Files\Java\jdk-20\bin
JRE paths:	C:\Program Files\Java\jdk-20;C:\Program Files\Common Files\Oracle\Java\javapath;C:\ProgramData\Oracle\Java\javapath;C:\Program Files (x86)\Common Files\Oracle\Java\javapath;C:\Windows\system32;C:\Windows;C:\Windows\System32\Wbem;C:\Windows\System32\WindowsPowerShell\v1.0\;C:\Windows\System32\OpenSSH\;C:\Program Files\PuTTY\;C:\Program Files\MATLAB\R2020a\bin;C:\MinGW\bin;C:\Program Files\Git\cmd;C:\Program Files\Java\jdk-20\bin;C:\Program Files\apache-ant-1.10.13\bin;C:\Program Files\Java\jdk-20\bin;C:\Program Files\apache-maven-3.8.7\bin;C:\Program Files\dotnet\;C:\php-8.2.3;H:\wamp64\bin\php\php7.4.26;C:\Users\CYTech Student\scoop\shims;C:\Users\CYTech Student\scoop\shims;C:\ProgramData\ComposerSetup\bin;C:\Users\CYTech Student\scoop\shims;C:\Users\CYTech Student\AppData\Local\Programs\Python\Python311\Scripts\;C:\Users\CYTech Student\AppData\Local\Programs\Python\Python311\;C:\Program Files\MySQL\MySQL Shell 8.0\bin\;C:\Users\CYTech Student\AppData\Local\Microsoft\WindowsApps;C:\Users\CYTech Student\AppData\Local\Programs\Microsoft VS Code\bin;C:\Users\CYTech Student\AppData\Local\GitHubDesktop\bin;C:\MinGW\bin;H:\IntelliJ IDEA Community Edition 2022.3.1\bin;C:\Users\CYTech Student\.dotnet\tools;C:\Users\CYTech Student\AppData\Roaming\Composer\vendor\bin;C:\Program Files\Java\jdk-20\bin
Check launcher:	C:\Program Files\Java\jdk-20\bin\javaw.exe (OK)
Version string: 1.020.000_001 / 64-Bit (OK)
Launcher:	C:\Program Files\Java\jdk-20\bin\javaw.exe
Launcher args:	-jar "H:\Desktop\CYSlideApp\CySlide.exe"
Args length:	40/32768 chars
Exit code:	0


Version:	3.50
CmdLine:	H:\Desktop\CYSlideApp\CySlide.exe --l4j-debug
JNI:		No
WOW64:		Yes
Working dir:	H:\Desktop\CYSlideApp\.
Requires JDK:	No
Requires 64-Bit: No
Java min ver:	
Java max ver:	
Substitute:	JAVA_HOME = C:\Program Files\Java\jdk-20
Substitute:	PATH = C:\Program Files\Common Files\Oracle\Java\javapath;C:\ProgramData\Oracle\Java\javapath;C:\Program Files (x86)\Common Files\Oracle\Java\javapath;C:\Windows\system32;C:\Windows;C:\Windows\System32\Wbem;C:\Windows\System32\WindowsPowerShell\v1.0\;C:\Windows\System32\OpenSSH\;C:\Program Files\PuTTY\;C:\Program Files\MATLAB\R2020a\bin;C:\MinGW\bin;C:\Program Files\Git\cmd;C:\Program Files\Java\jdk-20\bin;C:\Program Files\apache-ant-1.10.13\bin;C:\Program Files\Java\jdk-20\bin;C:\Program Files\apache-maven-3.8.7\bin;C:\Program Files\dotnet\;C:\php-8.2.3;H:\wamp64\bin\php\php7.4.26;C:\Users\CYTech Student\scoop\shims;C:\Users\CYTech Student\scoop\shims;C:\ProgramData\ComposerSetup\bin;C:\Users\CYTech Student\scoop\shims;C:\Users\CYTech Student\AppData\Local\Programs\Python\Python311\Scripts\;C:\Users\CYTech Student\AppData\Local\Programs\Python\Python311\;C:\Program Files\MySQL\MySQL Shell 8.0\bin\;C:\Users\CYTech Student\AppData\Local\Microsoft\WindowsApps;C:\Users\CYTech Student\AppData\Local\Programs\Microsoft VS Code\bin;C:\Users\CYTech Student\AppData\Local\GitHubDesktop\bin;C:\MinGW\bin;H:\IntelliJ IDEA Community Edition 2022.3.1\bin;C:\Users\CYTech Student\.dotnet\tools;C:\Users\CYTech Student\AppData\Roaming\Composer\vendor\bin;C:\Program Files\Java\jdk-20\bin
JRE paths:	C:\Program Files\Java\jdk-20;C:\Program Files\Common Files\Oracle\Java\javapath;C:\ProgramData\Oracle\Java\javapath;C:\Program Files (x86)\Common Files\Oracle\Java\javapath;C:\Windows\system32;C:\Windows;C:\Windows\System32\Wbem;C:\Windows\System32\WindowsPowerShell\v1.0\;C:\Windows\System32\OpenSSH\;C:\Program Files\PuTTY\;C:\Program Files\MATLAB\R2020a\bin;C:\MinGW\bin;C:\Program Files\Git\cmd;C:\Program Files\Java\jdk-20\bin;C:\Program Files\apache-ant-1.10.13\bin;C:\Program Files\Java\jdk-20\bin;C:\Program Files\apache-maven-3.8.7\bin;C:\Program Files\dotnet\;C:\php-8.2.3;H:\wamp64\bin\php\php7.4.26;C:\Users\CYTech Student\scoop\shims;C:\Users\CYTech Student\scoop\shims;C:\ProgramData\ComposerSetup\bin;C:\Users\CYTech Student\scoop\shims;C:\Users\CYTech Student\AppData\Local\Programs\Python\Python311\Scripts\;C:\Users\CYTech Student\AppData\Local\Programs\Python\Python311\;C:\Program Files\MySQL\MySQL Shell 8.0\bin\;C:\Users\CYTech Student\AppData\Local\Microsoft\WindowsApps;C:\Users\CYTech Student\AppData\Local\Programs\Microsoft VS Code\bin;C:\Users\CYTech Student\AppData\Local\GitHubDesktop\bin;C:\MinGW\bin;H:\IntelliJ IDEA Community Edition 2022.3.1\bin;C:\Users\CYTech Student\.dotnet\tools;C:\Users\CYTech Student\AppData\Roaming\Composer\vendor\bin;C:\Program Files\Java\jdk-20\bin
Check launcher:	C:\Program Files\Java\jdk-20\bin\javaw.exe (OK)
Version string: 1.020.000_001 / 64-Bit (OK)
Launcher:	C:\Program Files\Java\jdk-20\bin\javaw.exe
Launcher args:	-jar "H:\Desktop\CYSlideApp\CySlide.exe"
Args length:	40/32768 chars
Exit code:	0
